<?xml version="1.0" encoding="UTF-8"?>
<coverage generated="1676167659460" clover="3.2.0">
  <project timestamp="1676167659460" name="All files">
    <metrics statements="24" coveredstatements="24" conditionals="14" coveredconditionals="10" methods="8" coveredmethods="8" elements="46" coveredelements="42" complexity="0" loc="24" ncloc="24" packages="1" files="1" classes="1"/>
    <file name="tools.tsx" path="/Users/naoki/Desktop/DEV/test/todo/src/utils/tools.tsx">
      <metrics statements="24" coveredstatements="24" conditionals="14" coveredconditionals="10" methods="8" coveredmethods="8"/>
      <line num="4" count="1" type="stmt"/>
      <line num="10" count="9" type="stmt"/>
      <line num="11" count="3" type="cond" truecount="2" falsecount="0"/>
      <line num="12" count="2" type="stmt"/>
      <line num="15" count="1" type="stmt"/>
      <line num="18" count="1" type="stmt"/>
      <line num="19" count="3" type="stmt"/>
      <line num="20" count="3" type="stmt"/>
      <line num="22" count="1" type="stmt"/>
      <line num="23" count="1" type="stmt"/>
      <line num="26" count="1" type="stmt"/>
      <line num="27" count="2" type="stmt"/>
      <line num="28" count="4" type="cond" truecount="2" falsecount="0"/>
      <line num="29" count="3" type="stmt"/>
      <line num="32" count="2" type="stmt"/>
      <line num="33" count="2" type="stmt"/>
      <line num="35" count="2" type="cond" truecount="2" falsecount="0"/>
      <line num="38" count="1" type="stmt"/>
      <line num="39" count="1" type="stmt"/>
      <line num="41" count="1" type="cond" truecount="1" falsecount="1"/>
      <line num="42" count="1" type="cond" truecount="1" falsecount="1"/>
      <line num="43" count="1" type="cond" truecount="1" falsecount="1"/>
      <line num="44" count="1" type="cond" truecount="1" falsecount="1"/>
      <line num="46" count="1" type="stmt"/>
    </file>
  </project>
</coverage>
