{"/Users/naoki/Desktop/DEV/test/todo/src/utils/tools.tsx": {"path":"/Users/naoki/Desktop/DEV/test/todo/src/utils/tools.tsx","statementMap":{"0":{"start":{"line":4,"column":31},"end":{"line":16,"column":1}},"1":{"start":{"line":10,"column":21},"end":{"line":10,"column":56}},"2":{"start":{"line":10,"column":41},"end":{"line":10,"column":55}},"3":{"start":{"line":11,"column":2},"end":{"line":13,"column":3}},"4":{"start":{"line":12,"column":4},"end":{"line":12,"column":65}},"5":{"start":{"line":15,"column":2},"end":{"line":15,"column":30}},"6":{"start":{"line":18,"column":29},"end":{"line":24,"column":1}},"7":{"start":{"line":19,"column":15},"end":{"line":19,"column":57}},"8":{"start":{"line":19,"column":36},"end":{"line":19,"column":56}},"9":{"start":{"line":20,"column":17},"end":{"line":20,"column":60}},"10":{"start":{"line":20,"column":38},"end":{"line":20,"column":59}},"11":{"start":{"line":22,"column":22},"end":{"line":22,"column":41}},"12":{"start":{"line":23,"column":2},"end":{"line":23,"column":21}},"13":{"start":{"line":26,"column":29},"end":{"line":36,"column":1}},"14":{"start":{"line":27,"column":23},"end":{"line":30,"column":11}},"15":{"start":{"line":28,"column":4},"end":{"line":28,"column":33}},"16":{"start":{"line":28,"column":21},"end":{"line":28,"column":33}},"17":{"start":{"line":29,"column":4},"end":{"line":29,"column":17}},"18":{"start":{"line":32,"column":21},"end":{"line":32,"column":33}},"19":{"start":{"line":33,"column":21},"end":{"line":33,"column":46}},"20":{"start":{"line":35,"column":2},"end":{"line":35,"column":25}},"21":{"start":{"line":38,"column":30},"end":{"line":50,"column":1}},"22":{"start":{"line":39,"column":22},"end":{"line":39,"column":38}},"23":{"start":{"line":41,"column":19},"end":{"line":41,"column":65}},"24":{"start":{"line":42,"column":16},"end":{"line":42,"column":62}},"25":{"start":{"line":43,"column":18},"end":{"line":43,"column":64}},"26":{"start":{"line":44,"column":17},"end":{"line":44,"column":63}},"27":{"start":{"line":46,"column":2},"end":{"line":49,"column":4}}},"fnMap":{"0":{"name":"(anonymous_0)","decl":{"start":{"line":4,"column":31},"end":{"line":4,"column":32}},"loc":{"start":{"line":9,"column":13},"end":{"line":16,"column":1}},"line":9},"1":{"name":"(anonymous_1)","decl":{"start":{"line":10,"column":33},"end":{"line":10,"column":34}},"loc":{"start":{"line":10,"column":41},"end":{"line":10,"column":55}},"line":10},"2":{"name":"(anonymous_2)","decl":{"start":{"line":18,"column":29},"end":{"line":18,"column":30}},"loc":{"start":{"line":18,"column":52},"end":{"line":24,"column":1}},"line":18},"3":{"name":"(anonymous_3)","decl":{"start":{"line":19,"column":28},"end":{"line":19,"column":29}},"loc":{"start":{"line":19,"column":36},"end":{"line":19,"column":56}},"line":19},"4":{"name":"(anonymous_4)","decl":{"start":{"line":20,"column":30},"end":{"line":20,"column":31}},"loc":{"start":{"line":20,"column":38},"end":{"line":20,"column":59}},"line":20},"5":{"name":"(anonymous_5)","decl":{"start":{"line":26,"column":29},"end":{"line":26,"column":30}},"loc":{"start":{"line":26,"column":60},"end":{"line":36,"column":1}},"line":26},"6":{"name":"(anonymous_6)","decl":{"start":{"line":27,"column":36},"end":{"line":27,"column":37}},"loc":{"start":{"line":27,"column":44},"end":{"line":30,"column":3}},"line":27},"7":{"name":"(anonymous_7)","decl":{"start":{"line":38,"column":30},"end":{"line":38,"column":31}},"loc":{"start":{"line":38,"column":36},"end":{"line":50,"column":1}},"line":38}},"branchMap":{"0":{"loc":{"start":{"line":11,"column":2},"end":{"line":13,"column":3}},"type":"if","locations":[{"start":{"line":11,"column":2},"end":{"line":13,"column":3}},{"start":{},"end":{}}],"line":11},"1":{"loc":{"start":{"line":28,"column":4},"end":{"line":28,"column":33}},"type":"if","locations":[{"start":{"line":28,"column":4},"end":{"line":28,"column":33}},{"start":{},"end":{}}],"line":28},"2":{"loc":{"start":{"line":35,"column":9},"end":{"line":35,"column":24}},"type":"binary-expr","locations":[{"start":{"line":35,"column":9},"end":{"line":35,"column":19}},{"start":{"line":35,"column":23},"end":{"line":35,"column":24}}],"line":35},"3":{"loc":{"start":{"line":41,"column":19},"end":{"line":41,"column":65}},"type":"cond-expr","locations":[{"start":{"line":41,"column":44},"end":{"line":41,"column":53}},{"start":{"line":41,"column":56},"end":{"line":41,"column":65}}],"line":41},"4":{"loc":{"start":{"line":42,"column":16},"end":{"line":42,"column":62}},"type":"cond-expr","locations":[{"start":{"line":42,"column":41},"end":{"line":42,"column":50}},{"start":{"line":42,"column":53},"end":{"line":42,"column":62}}],"line":42},"5":{"loc":{"start":{"line":43,"column":18},"end":{"line":43,"column":64}},"type":"cond-expr","locations":[{"start":{"line":43,"column":43},"end":{"line":43,"column":52}},{"start":{"line":43,"column":55},"end":{"line":43,"column":64}}],"line":43},"6":{"loc":{"start":{"line":44,"column":17},"end":{"line":44,"column":63}},"type":"cond-expr","locations":[{"start":{"line":44,"column":42},"end":{"line":44,"column":51}},{"start":{"line":44,"column":54},"end":{"line":44,"column":63}}],"line":44}},"s":{"0":1,"1":3,"2":9,"3":3,"4":2,"5":1,"6":1,"7":1,"8":3,"9":1,"10":3,"11":1,"12":1,"13":1,"14":2,"15":4,"16":1,"17":3,"18":2,"19":2,"20":2,"21":1,"22":1,"23":1,"24":1,"25":1,"26":1,"27":1},"f":{"0":3,"1":9,"2":1,"3":3,"4":3,"5":2,"6":4,"7":1},"b":{"0":[2,1],"1":[1,3],"2":[2,1],"3":[1,0],"4":[1,0],"5":[1,0],"6":[1,0]},"_coverageSchema":"1a1c01bbd47fc00a2c39e90264f33305004495a9","hash":"facc8bd0a583bef9d70ff48416bf51c9fb8c52c8"}
}
