{"/Users/naoki/Desktop/DEV/test/todo/src/components/navbar/AnimatedProgressText.tsx": {"path":"/Users/naoki/Desktop/DEV/test/todo/src/components/navbar/AnimatedProgressText.tsx","statementMap":{"0":{"start":{"line":12,"column":21},"end":{"line":12,"column":64}},"1":{"start":{"line":14,"column":29},"end":{"line":44,"column":1}},"2":{"start":{"line":15,"column":31},"end":{"line":15,"column":46}},"3":{"start":{"line":16,"column":25},"end":{"line":16,"column":54}},"4":{"start":{"line":18,"column":21},"end":{"line":18,"column":53}},"5":{"start":{"line":20,"column":2},"end":{"line":22,"column":17}},"6":{"start":{"line":21,"column":4},"end":{"line":21,"column":70}},"7":{"start":{"line":24,"column":24},"end":{"line":28,"column":4}},"8":{"start":{"line":25,"column":4},"end":{"line":27,"column":47}},"9":{"start":{"line":30,"column":2},"end":{"line":43,"column":4}}},"fnMap":{"0":{"name":"(anonymous_0)","decl":{"start":{"line":14,"column":29},"end":{"line":14,"column":30}},"loc":{"start":{"line":14,"column":35},"end":{"line":44,"column":1}},"line":14},"1":{"name":"(anonymous_1)","decl":{"start":{"line":20,"column":12},"end":{"line":20,"column":13}},"loc":{"start":{"line":20,"column":18},"end":{"line":22,"column":3}},"line":20},"2":{"name":"(anonymous_2)","decl":{"start":{"line":24,"column":41},"end":{"line":24,"column":42}},"loc":{"start":{"line":24,"column":47},"end":{"line":28,"column":3}},"line":24}},"branchMap":{},"s":{"0":2,"1":2,"2":3,"3":3,"4":3,"5":3,"6":3,"7":3,"8":3,"9":3},"f":{"0":3,"1":3,"2":3},"b":{},"_coverageSchema":"1a1c01bbd47fc00a2c39e90264f33305004495a9","hash":"d1257995809970729960310a0a4a400566513e86"}
,"/Users/naoki/Desktop/DEV/test/todo/src/components/navbar/Navbar.tsx": {"path":"/Users/naoki/Desktop/DEV/test/todo/src/components/navbar/Navbar.tsx","statementMap":{"0":{"start":{"line":6,"column":15},"end":{"line":39,"column":1}},"1":{"start":{"line":7,"column":32},"end":{"line":7,"column":55}},"2":{"start":{"line":9,"column":2},"end":{"line":38,"column":4}}},"fnMap":{"0":{"name":"(anonymous_0)","decl":{"start":{"line":6,"column":15},"end":{"line":6,"column":16}},"loc":{"start":{"line":6,"column":21},"end":{"line":39,"column":1}},"line":6}},"branchMap":{},"s":{"0":2,"1":3,"2":3},"f":{"0":3},"b":{},"_coverageSchema":"1a1c01bbd47fc00a2c39e90264f33305004495a9","hash":"a15b9e8c0b39b1cd168b55b7a804a5daa9eea26e"}
,"/Users/naoki/Desktop/DEV/test/todo/src/components/taskCard/CheckBox.tsx": {"path":"/Users/naoki/Desktop/DEV/test/todo/src/components/taskCard/CheckBox.tsx","statementMap":{"0":{"start":{"line":12,"column":22},"end":{"line":12,"column":24}},"1":{"start":{"line":15,"column":2},"end":{"line":15,"column":84}},"2":{"start":{"line":17,"column":21},"end":{"line":17,"column":59}},"3":{"start":{"line":18,"column":23},"end":{"line":18,"column":61}},"4":{"start":{"line":30,"column":17},"end":{"line":91,"column":1}},"5":{"start":{"line":39,"column":27},"end":{"line":39,"column":44}},"6":{"start":{"line":41,"column":2},"end":{"line":46,"column":18}},"7":{"start":{"line":42,"column":4},"end":{"line":45,"column":6}},"8":{"start":{"line":48,"column":27},"end":{"line":54,"column":5}},"9":{"start":{"line":48,"column":51},"end":{"line":54,"column":3}},"10":{"start":{"line":56,"column":30},"end":{"line":58,"column":5}},"11":{"start":{"line":56,"column":54},"end":{"line":58,"column":3}},"12":{"start":{"line":60,"column":2},"end":{"line":90,"column":4}}},"fnMap":{"0":{"name":"(anonymous_0)","decl":{"start":{"line":30,"column":17},"end":{"line":30,"column":18}},"loc":{"start":{"line":38,"column":27},"end":{"line":91,"column":1}},"line":38},"1":{"name":"(anonymous_1)","decl":{"start":{"line":41,"column":12},"end":{"line":41,"column":13}},"loc":{"start":{"line":41,"column":18},"end":{"line":46,"column":3}},"line":41},"2":{"name":"(anonymous_2)","decl":{"start":{"line":48,"column":44},"end":{"line":48,"column":45}},"loc":{"start":{"line":48,"column":51},"end":{"line":54,"column":3}},"line":48},"3":{"name":"(anonymous_3)","decl":{"start":{"line":56,"column":47},"end":{"line":56,"column":48}},"loc":{"start":{"line":56,"column":54},"end":{"line":58,"column":3}},"line":56}},"branchMap":{"0":{"loc":{"start":{"line":44,"column":17},"end":{"line":44,"column":34}},"type":"cond-expr","locations":[{"start":{"line":44,"column":29},"end":{"line":44,"column":30}},{"start":{"line":44,"column":33},"end":{"line":44,"column":34}}],"line":44},"1":{"loc":{"start":{"line":65,"column":7},"end":{"line":79,"column":7}},"type":"cond-expr","locations":[{"start":{"line":66,"column":8},"end":{"line":71,"column":10}},{"start":{"line":73,"column":8},"end":{"line":78,"column":10}}],"line":65}},"s":{"0":2,"1":2,"2":2,"3":2,"4":2,"5":5,"6":5,"7":3,"8":5,"9":5,"10":5,"11":5,"12":5},"f":{"0":5,"1":3,"2":5,"3":5},"b":{"0":[1,2],"1":[0,5]},"_coverageSchema":"1a1c01bbd47fc00a2c39e90264f33305004495a9","hash":"1bd5ce413d06817cb2b7b7ac5027284b37e2905b"}
,"/Users/naoki/Desktop/DEV/test/todo/src/components/taskCard/TaskCard.tsx": {"path":"/Users/naoki/Desktop/DEV/test/todo/src/components/taskCard/TaskCard.tsx","statementMap":{"0":{"start":{"line":26,"column":16},"end":{"line":29,"column":1}},"1":{"start":{"line":34,"column":21},"end":{"line":34,"column":51}},"2":{"start":{"line":35,"column":18},"end":{"line":35,"column":37}},"3":{"start":{"line":36,"column":24},"end":{"line":36,"column":26}},"4":{"start":{"line":38,"column":17},"end":{"line":204,"column":1}},"5":{"start":{"line":39,"column":42},"end":{"line":39,"column":57}},"6":{"start":{"line":40,"column":30},"end":{"line":40,"column":45}},"7":{"start":{"line":41,"column":32},"end":{"line":41,"column":47}},"8":{"start":{"line":42,"column":36},"end":{"line":42,"column":56}},"9":{"start":{"line":44,"column":19},"end":{"line":44,"column":36}},"10":{"start":{"line":45,"column":25},"end":{"line":45,"column":42}},"11":{"start":{"line":46,"column":18},"end":{"line":46,"column":35}},"12":{"start":{"line":47,"column":21},"end":{"line":47,"column":38}},"13":{"start":{"line":48,"column":21},"end":{"line":48,"column":52}},"14":{"start":{"line":49,"column":18},"end":{"line":49,"column":36}},"15":{"start":{"line":51,"column":26},"end":{"line":57,"column":3}},"16":{"start":{"line":52,"column":17},"end":{"line":52,"column":58}},"17":{"start":{"line":52,"column":37},"end":{"line":52,"column":57}},"18":{"start":{"line":53,"column":19},"end":{"line":53,"column":61}},"19":{"start":{"line":53,"column":39},"end":{"line":53,"column":60}},"20":{"start":{"line":54,"column":24},"end":{"line":54,"column":43}},"21":{"start":{"line":56,"column":4},"end":{"line":56,"column":29}},"22":{"start":{"line":59,"column":18},"end":{"line":93,"column":6}},"23":{"start":{"line":63,"column":27},"end":{"line":63,"column":50}},"24":{"start":{"line":64,"column":6},"end":{"line":64,"column":31}},"25":{"start":{"line":64,"column":24},"end":{"line":64,"column":31}},"26":{"start":{"line":66,"column":6},"end":{"line":66,"column":44}},"27":{"start":{"line":68,"column":29},"end":{"line":68,"column":68}},"28":{"start":{"line":69,"column":6},"end":{"line":71,"column":7}},"29":{"start":{"line":70,"column":8},"end":{"line":70,"column":33}},"30":{"start":{"line":74,"column":32},"end":{"line":74,"column":60}},"31":{"start":{"line":75,"column":6},"end":{"line":92,"column":7}},"32":{"start":{"line":76,"column":8},"end":{"line":76,"column":57}},"33":{"start":{"line":77,"column":8},"end":{"line":77,"column":38}},"34":{"start":{"line":78,"column":8},"end":{"line":78,"column":54}},"35":{"start":{"line":79,"column":8},"end":{"line":88,"column":10}},"36":{"start":{"line":82,"column":12},"end":{"line":86,"column":13}},"37":{"start":{"line":83,"column":30},"end":{"line":83,"column":74}},"38":{"start":{"line":83,"column":54},"end":{"line":83,"column":73}},"39":{"start":{"line":85,"column":14},"end":{"line":85,"column":48}},"40":{"start":{"line":90,"column":8},"end":{"line":90,"column":41}},"41":{"start":{"line":91,"column":8},"end":{"line":91,"column":34}},"42":{"start":{"line":95,"column":21},"end":{"line":97,"column":5}},"43":{"start":{"line":95,"column":45},"end":{"line":97,"column":3}},"44":{"start":{"line":99,"column":26},"end":{"line":101,"column":5}},"45":{"start":{"line":99,"column":50},"end":{"line":101,"column":3}},"46":{"start":{"line":103,"column":26},"end":{"line":105,"column":5}},"47":{"start":{"line":103,"column":50},"end":{"line":105,"column":3}},"48":{"start":{"line":107,"column":30},"end":{"line":113,"column":4}},"49":{"start":{"line":108,"column":4},"end":{"line":112,"column":6}},"50":{"start":{"line":115,"column":16},"end":{"line":152,"column":3}},"51":{"start":{"line":116,"column":4},"end":{"line":116,"column":25}},"52":{"start":{"line":116,"column":18},"end":{"line":116,"column":25}},"53":{"start":{"line":118,"column":4},"end":{"line":120,"column":7}},"54":{"start":{"line":119,"column":6},"end":{"line":119,"column":19}},"55":{"start":{"line":121,"column":4},"end":{"line":121,"column":62}},"56":{"start":{"line":123,"column":4},"end":{"line":151,"column":6}},"57":{"start":{"line":126,"column":8},"end":{"line":135,"column":9}},"58":{"start":{"line":127,"column":10},"end":{"line":130,"column":12}},"59":{"start":{"line":131,"column":10},"end":{"line":134,"column":12}},"60":{"start":{"line":137,"column":24},"end":{"line":142,"column":10}},"61":{"start":{"line":138,"column":10},"end":{"line":140,"column":11}},"62":{"start":{"line":139,"column":12},"end":{"line":139,"column":74}},"63":{"start":{"line":141,"column":10},"end":{"line":141,"column":22}},"64":{"start":{"line":144,"column":21},"end":{"line":144,"column":65}},"65":{"start":{"line":144,"column":44},"end":{"line":144,"column":64}},"66":{"start":{"line":145,"column":23},"end":{"line":145,"column":68}},"67":{"start":{"line":145,"column":46},"end":{"line":145,"column":67}},"68":{"start":{"line":147,"column":28},"end":{"line":147,"column":47}},"69":{"start":{"line":149,"column":8},"end":{"line":149,"column":42}},"70":{"start":{"line":154,"column":22},"end":{"line":154,"column":45}},"71":{"start":{"line":156,"column":2},"end":{"line":203,"column":4}},"72":{"start":{"line":195,"column":38},"end":{"line":195,"column":56}}},"fnMap":{"0":{"name":"(anonymous_0)","decl":{"start":{"line":38,"column":17},"end":{"line":38,"column":18}},"loc":{"start":{"line":38,"column":47},"end":{"line":204,"column":1}},"line":38},"1":{"name":"(anonymous_1)","decl":{"start":{"line":51,"column":26},"end":{"line":51,"column":27}},"loc":{"start":{"line":51,"column":48},"end":{"line":57,"column":3}},"line":51},"2":{"name":"(anonymous_2)","decl":{"start":{"line":52,"column":29},"end":{"line":52,"column":30}},"loc":{"start":{"line":52,"column":37},"end":{"line":52,"column":57}},"line":52},"3":{"name":"(anonymous_3)","decl":{"start":{"line":53,"column":31},"end":{"line":53,"column":32}},"loc":{"start":{"line":53,"column":39},"end":{"line":53,"column":60}},"line":53},"4":{"name":"(anonymous_4)","decl":{"start":{"line":62,"column":14},"end":{"line":62,"column":15}},"loc":{"start":{"line":62,"column":23},"end":{"line":72,"column":5}},"line":62},"5":{"name":"(anonymous_5)","decl":{"start":{"line":73,"column":11},"end":{"line":73,"column":12}},"loc":{"start":{"line":73,"column":17},"end":{"line":93,"column":5}},"line":73},"6":{"name":"(anonymous_6)","decl":{"start":{"line":81,"column":35},"end":{"line":81,"column":36}},"loc":{"start":{"line":81,"column":49},"end":{"line":87,"column":11}},"line":81},"7":{"name":"(anonymous_7)","decl":{"start":{"line":83,"column":46},"end":{"line":83,"column":47}},"loc":{"start":{"line":83,"column":54},"end":{"line":83,"column":73}},"line":83},"8":{"name":"(anonymous_8)","decl":{"start":{"line":95,"column":38},"end":{"line":95,"column":39}},"loc":{"start":{"line":95,"column":45},"end":{"line":97,"column":3}},"line":95},"9":{"name":"(anonymous_9)","decl":{"start":{"line":99,"column":43},"end":{"line":99,"column":44}},"loc":{"start":{"line":99,"column":50},"end":{"line":101,"column":3}},"line":99},"10":{"name":"(anonymous_10)","decl":{"start":{"line":103,"column":43},"end":{"line":103,"column":44}},"loc":{"start":{"line":103,"column":50},"end":{"line":105,"column":3}},"line":103},"11":{"name":"(anonymous_11)","decl":{"start":{"line":107,"column":47},"end":{"line":107,"column":48}},"loc":{"start":{"line":107,"column":53},"end":{"line":113,"column":3}},"line":107},"12":{"name":"(anonymous_12)","decl":{"start":{"line":115,"column":16},"end":{"line":115,"column":17}},"loc":{"start":{"line":115,"column":22},"end":{"line":152,"column":3}},"line":115},"13":{"name":"(anonymous_13)","decl":{"start":{"line":118,"column":15},"end":{"line":118,"column":16}},"loc":{"start":{"line":118,"column":23},"end":{"line":120,"column":5}},"line":118},"14":{"name":"(anonymous_14)","decl":{"start":{"line":125,"column":51},"end":{"line":125,"column":52}},"loc":{"start":{"line":125,"column":65},"end":{"line":150,"column":7}},"line":125},"15":{"name":"(anonymous_15)","decl":{"start":{"line":137,"column":37},"end":{"line":137,"column":38}},"loc":{"start":{"line":137,"column":45},"end":{"line":142,"column":9}},"line":137},"16":{"name":"(anonymous_16)","decl":{"start":{"line":144,"column":36},"end":{"line":144,"column":37}},"loc":{"start":{"line":144,"column":44},"end":{"line":144,"column":64}},"line":144},"17":{"name":"(anonymous_17)","decl":{"start":{"line":145,"column":38},"end":{"line":145,"column":39}},"loc":{"start":{"line":145,"column":46},"end":{"line":145,"column":67}},"line":145},"18":{"name":"(anonymous_18)","decl":{"start":{"line":195,"column":30},"end":{"line":195,"column":31}},"loc":{"start":{"line":195,"column":38},"end":{"line":195,"column":56}},"line":195}},"branchMap":{"0":{"loc":{"start":{"line":64,"column":6},"end":{"line":64,"column":31}},"type":"if","locations":[{"start":{"line":64,"column":6},"end":{"line":64,"column":31}},{"start":{},"end":{}}],"line":64},"1":{"loc":{"start":{"line":68,"column":29},"end":{"line":68,"column":68}},"type":"binary-expr","locations":[{"start":{"line":68,"column":29},"end":{"line":68,"column":57}},{"start":{"line":68,"column":61},"end":{"line":68,"column":68}}],"line":68},"2":{"loc":{"start":{"line":69,"column":6},"end":{"line":71,"column":7}},"type":"if","locations":[{"start":{"line":69,"column":6},"end":{"line":71,"column":7}},{"start":{},"end":{}}],"line":69},"3":{"loc":{"start":{"line":75,"column":6},"end":{"line":92,"column":7}},"type":"if","locations":[{"start":{"line":75,"column":6},"end":{"line":92,"column":7}},{"start":{"line":89,"column":13},"end":{"line":92,"column":7}}],"line":75},"4":{"loc":{"start":{"line":75,"column":10},"end":{"line":75,"column":38}},"type":"binary-expr","locations":[{"start":{"line":75,"column":10},"end":{"line":75,"column":27}},{"start":{"line":75,"column":31},"end":{"line":75,"column":38}}],"line":75},"5":{"loc":{"start":{"line":82,"column":12},"end":{"line":86,"column":13}},"type":"if","locations":[{"start":{"line":82,"column":12},"end":{"line":86,"column":13}},{"start":{},"end":{}}],"line":82},"6":{"loc":{"start":{"line":116,"column":4},"end":{"line":116,"column":25}},"type":"if","locations":[{"start":{"line":116,"column":4},"end":{"line":116,"column":25}},{"start":{},"end":{}}],"line":116},"7":{"loc":{"start":{"line":125,"column":17},"end":{"line":125,"column":32}},"type":"cond-expr","locations":[{"start":{"line":125,"column":27},"end":{"line":125,"column":28}},{"start":{"line":125,"column":31},"end":{"line":125,"column":32}}],"line":125},"8":{"loc":{"start":{"line":126,"column":8},"end":{"line":135,"column":9}},"type":"if","locations":[{"start":{"line":126,"column":8},"end":{"line":135,"column":9}},{"start":{},"end":{}}],"line":126},"9":{"loc":{"start":{"line":128,"column":23},"end":{"line":128,"column":39}},"type":"cond-expr","locations":[{"start":{"line":128,"column":33},"end":{"line":128,"column":34}},{"start":{"line":128,"column":37},"end":{"line":128,"column":39}}],"line":128},"10":{"loc":{"start":{"line":133,"column":23},"end":{"line":133,"column":40}},"type":"cond-expr","locations":[{"start":{"line":133,"column":33},"end":{"line":133,"column":34}},{"start":{"line":133,"column":37},"end":{"line":133,"column":40}}],"line":133},"11":{"loc":{"start":{"line":138,"column":10},"end":{"line":140,"column":11}},"type":"if","locations":[{"start":{"line":138,"column":10},"end":{"line":140,"column":11}},{"start":{},"end":{}}],"line":138},"12":{"loc":{"start":{"line":168,"column":7},"end":{"line":168,"column":36}},"type":"cond-expr","locations":[{"start":{"line":168,"column":16},"end":{"line":168,"column":29}},{"start":{"line":168,"column":32},"end":{"line":168,"column":36}}],"line":168},"13":{"loc":{"start":{"line":201,"column":7},"end":{"line":201,"column":35}},"type":"cond-expr","locations":[{"start":{"line":201,"column":16},"end":{"line":201,"column":28}},{"start":{"line":201,"column":31},"end":{"line":201,"column":35}}],"line":201}},"s":{"0":2,"1":2,"2":2,"3":2,"4":2,"5":5,"6":5,"7":5,"8":5,"9":5,"10":5,"11":5,"12":5,"13":5,"14":5,"15":5,"16":0,"17":0,"18":0,"19":0,"20":0,"21":0,"22":5,"23":0,"24":0,"25":0,"26":0,"27":0,"28":0,"29":0,"30":0,"31":0,"32":0,"33":0,"34":0,"35":0,"36":0,"37":0,"38":0,"39":0,"40":0,"41":0,"42":5,"43":5,"44":5,"45":5,"46":5,"47":5,"48":5,"49":5,"50":5,"51":1,"52":0,"53":1,"54":1,"55":1,"56":1,"57":1,"58":1,"59":1,"60":1,"61":1,"62":1,"63":0,"64":1,"65":1,"66":1,"67":1,"68":1,"69":1,"70":5,"71":5,"72":2},"f":{"0":5,"1":0,"2":0,"3":0,"4":0,"5":0,"6":0,"7":0,"8":5,"9":5,"10":5,"11":5,"12":1,"13":1,"14":1,"15":1,"16":1,"17":1,"18":2},"b":{"0":[0,0],"1":[0,0],"2":[0,0],"3":[0,0],"4":[0,0],"5":[0,0],"6":[0,1],"7":[0,1],"8":[1,0],"9":[0,1],"10":[0,1],"11":[1,0],"12":[0,5],"13":[0,5]},"_coverageSchema":"1a1c01bbd47fc00a2c39e90264f33305004495a9","hash":"6a5a812e5b9ca0181cb51ea084d2201e9877e9b7"}
,"/Users/naoki/Desktop/DEV/test/todo/src/components/taskCard/TrashBin.tsx": {"path":"/Users/naoki/Desktop/DEV/test/todo/src/components/taskCard/TrashBin.tsx","statementMap":{"0":{"start":{"line":11,"column":16},"end":{"line":14,"column":1}},"1":{"start":{"line":16,"column":17},"end":{"line":43,"column":1}},"2":{"start":{"line":17,"column":18},"end":{"line":17,"column":35}},"3":{"start":{"line":18,"column":26},"end":{"line":20,"column":5}},"4":{"start":{"line":18,"column":50},"end":{"line":20,"column":3}},"5":{"start":{"line":21,"column":2},"end":{"line":42,"column":4}},"6":{"start":{"line":38,"column":8},"end":{"line":38,"column":65}}},"fnMap":{"0":{"name":"(anonymous_0)","decl":{"start":{"line":16,"column":17},"end":{"line":16,"column":18}},"loc":{"start":{"line":16,"column":23},"end":{"line":43,"column":1}},"line":16},"1":{"name":"(anonymous_1)","decl":{"start":{"line":18,"column":43},"end":{"line":18,"column":44}},"loc":{"start":{"line":18,"column":50},"end":{"line":20,"column":3}},"line":18},"2":{"name":"(anonymous_2)","decl":{"start":{"line":37,"column":16},"end":{"line":37,"column":17}},"loc":{"start":{"line":38,"column":8},"end":{"line":38,"column":65}},"line":38}},"branchMap":{},"s":{"0":2,"1":2,"2":0,"3":0,"4":0,"5":0,"6":0},"f":{"0":0,"1":0,"2":0},"b":{},"_coverageSchema":"1a1c01bbd47fc00a2c39e90264f33305004495a9","hash":"fcc02e5c2c215d9bbbf6fe70e3d2a46522c622b9"}
,"/Users/naoki/Desktop/DEV/test/todo/src/components/taskInput/AddButton.tsx": {"path":"/Users/naoki/Desktop/DEV/test/todo/src/components/taskInput/AddButton.tsx","statementMap":{"0":{"start":{"line":5,"column":18},"end":{"line":24,"column":1}},"1":{"start":{"line":12,"column":2},"end":{"line":23,"column":4}},"2":{"start":{"line":20,"column":21},"end":{"line":20,"column":30}}},"fnMap":{"0":{"name":"(anonymous_0)","decl":{"start":{"line":5,"column":18},"end":{"line":5,"column":19}},"loc":{"start":{"line":11,"column":6},"end":{"line":24,"column":1}},"line":11},"1":{"name":"(anonymous_1)","decl":{"start":{"line":20,"column":15},"end":{"line":20,"column":16}},"loc":{"start":{"line":20,"column":21},"end":{"line":20,"column":30}},"line":20}},"branchMap":{},"s":{"0":2,"1":4,"2":0},"f":{"0":4,"1":0},"b":{},"_coverageSchema":"1a1c01bbd47fc00a2c39e90264f33305004495a9","hash":"1e7b482c6ad03578215a6a198176c2a19f91697c"}
,"/Users/naoki/Desktop/DEV/test/todo/src/components/taskInput/SendButton.tsx": {"path":"/Users/naoki/Desktop/DEV/test/todo/src/components/taskInput/SendButton.tsx","statementMap":{"0":{"start":{"line":5,"column":19},"end":{"line":27,"column":1}},"1":{"start":{"line":14,"column":2},"end":{"line":26,"column":4}},"2":{"start":{"line":23,"column":21},"end":{"line":23,"column":39}}},"fnMap":{"0":{"name":"(anonymous_0)","decl":{"start":{"line":5,"column":19},"end":{"line":5,"column":20}},"loc":{"start":{"line":13,"column":6},"end":{"line":27,"column":1}},"line":13},"1":{"name":"(anonymous_1)","decl":{"start":{"line":23,"column":15},"end":{"line":23,"column":16}},"loc":{"start":{"line":23,"column":21},"end":{"line":23,"column":39}},"line":23}},"branchMap":{},"s":{"0":2,"1":0,"2":0},"f":{"0":0,"1":0},"b":{},"_coverageSchema":"1a1c01bbd47fc00a2c39e90264f33305004495a9","hash":"433ef34385a032f16cb0d6723c02ba0feece9b69"}
,"/Users/naoki/Desktop/DEV/test/todo/src/components/taskInput/TaskInput.tsx": {"path":"/Users/naoki/Desktop/DEV/test/todo/src/components/taskInput/TaskInput.tsx","statementMap":{"0":{"start":{"line":17,"column":26},"end":{"line":17,"column":69}},"1":{"start":{"line":19,"column":18},"end":{"line":108,"column":1}},"2":{"start":{"line":20,"column":24},"end":{"line":20,"column":39}},"3":{"start":{"line":21,"column":36},"end":{"line":21,"column":48}},"4":{"start":{"line":22,"column":28},"end":{"line":22,"column":43}},"5":{"start":{"line":23,"column":19},"end":{"line":23,"column":42}},"6":{"start":{"line":25,"column":43},"end":{"line":25,"column":66}},"7":{"start":{"line":27,"column":18},"end":{"line":27,"column":36}},"8":{"start":{"line":28,"column":16},"end":{"line":28,"column":54}},"9":{"start":{"line":30,"column":18},"end":{"line":42,"column":3}},"10":{"start":{"line":31,"column":4},"end":{"line":31,"column":27}},"11":{"start":{"line":31,"column":20},"end":{"line":31,"column":27}},"12":{"start":{"line":33,"column":4},"end":{"line":40,"column":7}},"13":{"start":{"line":34,"column":22},"end":{"line":38,"column":7}},"14":{"start":{"line":39,"column":6},"end":{"line":39,"column":32}},"15":{"start":{"line":41,"column":4},"end":{"line":41,"column":21}},"16":{"start":{"line":44,"column":27},"end":{"line":46,"column":3}},"17":{"start":{"line":45,"column":4},"end":{"line":45,"column":31}},"18":{"start":{"line":48,"column":2},"end":{"line":107,"column":4}},"19":{"start":{"line":81,"column":36},"end":{"line":81,"column":54}},"20":{"start":{"line":92,"column":37},"end":{"line":92,"column":55}},"21":{"start":{"line":93,"column":29},"end":{"line":93,"column":43}},"22":{"start":{"line":94,"column":28},"end":{"line":94,"column":43}}},"fnMap":{"0":{"name":"(anonymous_0)","decl":{"start":{"line":19,"column":18},"end":{"line":19,"column":19}},"loc":{"start":{"line":19,"column":24},"end":{"line":108,"column":1}},"line":19},"1":{"name":"(anonymous_1)","decl":{"start":{"line":30,"column":18},"end":{"line":30,"column":19}},"loc":{"start":{"line":30,"column":41},"end":{"line":42,"column":3}},"line":30},"2":{"name":"(anonymous_2)","decl":{"start":{"line":33,"column":16},"end":{"line":33,"column":17}},"loc":{"start":{"line":33,"column":24},"end":{"line":40,"column":5}},"line":33},"3":{"name":"(anonymous_3)","decl":{"start":{"line":44,"column":27},"end":{"line":44,"column":28}},"loc":{"start":{"line":44,"column":33},"end":{"line":46,"column":3}},"line":44},"4":{"name":"(anonymous_4)","decl":{"start":{"line":81,"column":28},"end":{"line":81,"column":29}},"loc":{"start":{"line":81,"column":36},"end":{"line":81,"column":54}},"line":81},"5":{"name":"(anonymous_5)","decl":{"start":{"line":92,"column":31},"end":{"line":92,"column":32}},"loc":{"start":{"line":92,"column":37},"end":{"line":92,"column":55}},"line":92},"6":{"name":"(anonymous_6)","decl":{"start":{"line":93,"column":23},"end":{"line":93,"column":24}},"loc":{"start":{"line":93,"column":29},"end":{"line":93,"column":43}},"line":93},"7":{"name":"(anonymous_7)","decl":{"start":{"line":94,"column":22},"end":{"line":94,"column":23}},"loc":{"start":{"line":94,"column":28},"end":{"line":94,"column":43}},"line":94}},"branchMap":{"0":{"loc":{"start":{"line":28,"column":16},"end":{"line":28,"column":54}},"type":"cond-expr","locations":[{"start":{"line":28,"column":42},"end":{"line":28,"column":46}},{"start":{"line":28,"column":49},"end":{"line":28,"column":54}}],"line":28},"1":{"loc":{"start":{"line":31,"column":4},"end":{"line":31,"column":27}},"type":"if","locations":[{"start":{"line":31,"column":4},"end":{"line":31,"column":27}},{"start":{},"end":{}}],"line":31},"2":{"loc":{"start":{"line":60,"column":29},"end":{"line":60,"column":63}},"type":"cond-expr","locations":[{"start":{"line":60,"column":37},"end":{"line":60,"column":47}},{"start":{"line":60,"column":50},"end":{"line":60,"column":63}}],"line":60},"3":{"loc":{"start":{"line":68,"column":21},"end":{"line":68,"column":42}},"type":"cond-expr","locations":[{"start":{"line":68,"column":29},"end":{"line":68,"column":34}},{"start":{"line":68,"column":37},"end":{"line":68,"column":42}}],"line":68},"4":{"loc":{"start":{"line":74,"column":13},"end":{"line":76,"column":13}},"type":"binary-expr","locations":[{"start":{"line":74,"column":13},"end":{"line":74,"column":19}},{"start":{"line":75,"column":14},"end":{"line":75,"column":76}}],"line":74},"5":{"loc":{"start":{"line":86,"column":29},"end":{"line":86,"column":43}},"type":"cond-expr","locations":[{"start":{"line":86,"column":37},"end":{"line":86,"column":38}},{"start":{"line":86,"column":41},"end":{"line":86,"column":43}}],"line":86},"6":{"loc":{"start":{"line":96,"column":13},"end":{"line":102,"column":13}},"type":"binary-expr","locations":[{"start":{"line":96,"column":13},"end":{"line":96,"column":18}},{"start":{"line":96,"column":22},"end":{"line":96,"column":27}},{"start":{"line":97,"column":14},"end":{"line":101,"column":16}}],"line":96}},"s":{"0":2,"1":2,"2":4,"3":4,"4":4,"5":4,"6":4,"7":4,"8":4,"9":4,"10":0,"11":0,"12":0,"13":0,"14":0,"15":0,"16":4,"17":0,"18":4,"19":1,"20":0,"21":0,"22":0},"f":{"0":4,"1":0,"2":0,"3":0,"4":1,"5":0,"6":0,"7":0},"b":{"0":[1,3],"1":[0,0],"2":[0,4],"3":[0,4],"4":[4,4],"5":[0,4],"6":[4,0,0]},"_coverageSchema":"1a1c01bbd47fc00a2c39e90264f33305004495a9","hash":"4caae8f0c62409915dd9fe1c270f7eb6ff5fe925"}
,"/Users/naoki/Desktop/DEV/test/todo/src/data/constants.ts": {"path":"/Users/naoki/Desktop/DEV/test/todo/src/data/constants.ts","statementMap":{"0":{"start":{"line":2,"column":2},"end":{"line":2,"column":123}},"1":{"start":{"line":4,"column":28},"end":{"line":40,"column":1}}},"fnMap":{},"branchMap":{},"s":{"0":4,"1":4},"f":{},"b":{},"_coverageSchema":"1a1c01bbd47fc00a2c39e90264f33305004495a9","hash":"6f46f57eeaec2d7994a09f4b9d8703f8f69b7e5b"}
,"/Users/naoki/Desktop/DEV/test/todo/src/screens/MainScreen.tsx": {"path":"/Users/naoki/Desktop/DEV/test/todo/src/screens/MainScreen.tsx","statementMap":{"0":{"start":{"line":17,"column":0},"end":{"line":21,"column":1}},"1":{"start":{"line":18,"column":2},"end":{"line":20,"column":3}},"2":{"start":{"line":19,"column":4},"end":{"line":19,"column":58}},"3":{"start":{"line":23,"column":19},"end":{"line":51,"column":1}},"4":{"start":{"line":24,"column":21},"end":{"line":24,"column":36}},"5":{"start":{"line":25,"column":22},"end":{"line":25,"column":50}},"6":{"start":{"line":27,"column":2},"end":{"line":50,"column":4}},"7":{"start":{"line":39,"column":12},"end":{"line":43,"column":28}}},"fnMap":{"0":{"name":"(anonymous_0)","decl":{"start":{"line":23,"column":19},"end":{"line":23,"column":20}},"loc":{"start":{"line":23,"column":25},"end":{"line":51,"column":1}},"line":23},"1":{"name":"(anonymous_1)","decl":{"start":{"line":38,"column":24},"end":{"line":38,"column":25}},"loc":{"start":{"line":39,"column":12},"end":{"line":43,"column":28}},"line":39}},"branchMap":{"0":{"loc":{"start":{"line":17,"column":0},"end":{"line":21,"column":1}},"type":"if","locations":[{"start":{"line":17,"column":0},"end":{"line":21,"column":1}},{"start":{},"end":{}}],"line":17},"1":{"loc":{"start":{"line":18,"column":2},"end":{"line":20,"column":3}},"type":"if","locations":[{"start":{"line":18,"column":2},"end":{"line":20,"column":3}},{"start":{},"end":{}}],"line":18},"2":{"loc":{"start":{"line":31,"column":25},"end":{"line":31,"column":71}},"type":"cond-expr","locations":[{"start":{"line":31,"column":50},"end":{"line":31,"column":59}},{"start":{"line":31,"column":62},"end":{"line":31,"column":71}}],"line":31},"3":{"loc":{"start":{"line":36,"column":18},"end":{"line":36,"column":62}},"type":"cond-expr","locations":[{"start":{"line":36,"column":42},"end":{"line":36,"column":51}},{"start":{"line":36,"column":54},"end":{"line":36,"column":62}}],"line":36}},"s":{"0":1,"1":0,"2":0,"3":1,"4":2,"5":2,"6":2,"7":2},"f":{"0":2,"1":2},"b":{"0":[0,1],"1":[0,0],"2":[0,2],"3":[2,0]},"_coverageSchema":"1a1c01bbd47fc00a2c39e90264f33305004495a9","hash":"7e3939b6d56ba74fc4b3559568218cfa0484ae1e"}
,"/Users/naoki/Desktop/DEV/test/todo/src/utils/CustomIcon.tsx": {"path":"/Users/naoki/Desktop/DEV/test/todo/src/utils/CustomIcon.tsx","statementMap":{"0":{"start":{"line":15,"column":19},"end":{"line":41,"column":1}},"1":{"start":{"line":16,"column":35},"end":{"line":16,"column":44}},"2":{"start":{"line":17,"column":22},"end":{"line":17,"column":45}},"3":{"start":{"line":19,"column":2},"end":{"line":40,"column":3}},"4":{"start":{"line":21,"column":6},"end":{"line":27,"column":8}},"5":{"start":{"line":29,"column":6},"end":{"line":31,"column":8}},"6":{"start":{"line":33,"column":6},"end":{"line":39,"column":8}}},"fnMap":{"0":{"name":"(anonymous_0)","decl":{"start":{"line":15,"column":19},"end":{"line":15,"column":20}},"loc":{"start":{"line":15,"column":45},"end":{"line":41,"column":1}},"line":15}},"branchMap":{"0":{"loc":{"start":{"line":19,"column":2},"end":{"line":40,"column":3}},"type":"switch","locations":[{"start":{"line":20,"column":4},"end":{"line":27,"column":8}},{"start":{"line":28,"column":4},"end":{"line":31,"column":8}},{"start":{"line":32,"column":4},"end":{"line":39,"column":8}}],"line":19},"1":{"loc":{"start":{"line":24,"column":16},"end":{"line":24,"column":26}},"type":"binary-expr","locations":[{"start":{"line":24,"column":16},"end":{"line":24,"column":20}},{"start":{"line":24,"column":24},"end":{"line":24,"column":26}}],"line":24},"2":{"loc":{"start":{"line":25,"column":17},"end":{"line":25,"column":35}},"type":"binary-expr","locations":[{"start":{"line":25,"column":17},"end":{"line":25,"column":22}},{"start":{"line":25,"column":26},"end":{"line":25,"column":35}}],"line":25},"3":{"loc":{"start":{"line":30,"column":39},"end":{"line":30,"column":49}},"type":"binary-expr","locations":[{"start":{"line":30,"column":39},"end":{"line":30,"column":43}},{"start":{"line":30,"column":47},"end":{"line":30,"column":49}}],"line":30},"4":{"loc":{"start":{"line":30,"column":58},"end":{"line":30,"column":76}},"type":"binary-expr","locations":[{"start":{"line":30,"column":58},"end":{"line":30,"column":63}},{"start":{"line":30,"column":67},"end":{"line":30,"column":76}}],"line":30},"5":{"loc":{"start":{"line":36,"column":16},"end":{"line":36,"column":26}},"type":"binary-expr","locations":[{"start":{"line":36,"column":16},"end":{"line":36,"column":20}},{"start":{"line":36,"column":24},"end":{"line":36,"column":26}}],"line":36},"6":{"loc":{"start":{"line":37,"column":17},"end":{"line":37,"column":35}},"type":"binary-expr","locations":[{"start":{"line":37,"column":17},"end":{"line":37,"column":22}},{"start":{"line":37,"column":26},"end":{"line":37,"column":35}}],"line":37}},"s":{"0":3,"1":4,"2":4,"3":4,"4":0,"5":4,"6":0},"f":{"0":4},"b":{"0":[0,4,0],"1":[0,0],"2":[0,0],"3":[4,4],"4":[4,0],"5":[0,0],"6":[0,0]},"_coverageSchema":"1a1c01bbd47fc00a2c39e90264f33305004495a9","hash":"662c07697222bc233b37327a251cef7bdcee3f71"}
,"/Users/naoki/Desktop/DEV/test/todo/src/utils/context.tsx": {"path":"/Users/naoki/Desktop/DEV/test/todo/src/utils/context.tsx","statementMap":{"0":{"start":{"line":29,"column":20},"end":{"line":35,"column":1}},"1":{"start":{"line":37,"column":19},"end":{"line":37,"column":72}},"2":{"start":{"line":39,"column":26},"end":{"line":61,"column":1}},"3":{"start":{"line":46,"column":34},"end":{"line":46,"column":55}},"4":{"start":{"line":47,"column":34},"end":{"line":47,"column":56}},"5":{"start":{"line":49,"column":20},"end":{"line":54,"column":3}},"6":{"start":{"line":56,"column":2},"end":{"line":60,"column":4}},"7":{"start":{"line":63,"column":29},"end":{"line":72,"column":1}},"8":{"start":{"line":64,"column":16},"end":{"line":64,"column":38}},"9":{"start":{"line":65,"column":2},"end":{"line":70,"column":3}},"10":{"start":{"line":66,"column":4},"end":{"line":69,"column":6}},"11":{"start":{"line":71,"column":2},"end":{"line":71,"column":17}}},"fnMap":{"0":{"name":"(anonymous_0)","decl":{"start":{"line":39,"column":26},"end":{"line":39,"column":27}},"loc":{"start":{"line":45,"column":6},"end":{"line":61,"column":1}},"line":45},"1":{"name":"(anonymous_1)","decl":{"start":{"line":63,"column":29},"end":{"line":63,"column":30}},"loc":{"start":{"line":63,"column":35},"end":{"line":72,"column":1}},"line":63}},"branchMap":{"0":{"loc":{"start":{"line":57,"column":32},"end":{"line":57,"column":56}},"type":"binary-expr","locations":[{"start":{"line":57,"column":32},"end":{"line":57,"column":41}},{"start":{"line":57,"column":45},"end":{"line":57,"column":56}}],"line":57},"1":{"loc":{"start":{"line":65,"column":2},"end":{"line":70,"column":3}},"type":"if","locations":[{"start":{"line":65,"column":2},"end":{"line":70,"column":3}},{"start":{},"end":{}}],"line":65}},"s":{"0":4,"1":4,"2":4,"3":5,"4":5,"5":5,"6":5,"7":4,"8":14,"9":14,"10":0,"11":14},"f":{"0":5,"1":14},"b":{"0":[5,2],"1":[0,14]},"_coverageSchema":"1a1c01bbd47fc00a2c39e90264f33305004495a9","hash":"d674454be44d0bb785437175b932e4edb552d833"}
,"/Users/naoki/Desktop/DEV/test/todo/src/utils/tools.tsx": {"path":"/Users/naoki/Desktop/DEV/test/todo/src/utils/tools.tsx","statementMap":{"0":{"start":{"line":4,"column":31},"end":{"line":16,"column":1}},"1":{"start":{"line":10,"column":21},"end":{"line":10,"column":56}},"2":{"start":{"line":10,"column":41},"end":{"line":10,"column":55}},"3":{"start":{"line":11,"column":2},"end":{"line":13,"column":3}},"4":{"start":{"line":12,"column":4},"end":{"line":12,"column":65}},"5":{"start":{"line":15,"column":2},"end":{"line":15,"column":30}},"6":{"start":{"line":18,"column":29},"end":{"line":24,"column":1}},"7":{"start":{"line":19,"column":15},"end":{"line":19,"column":57}},"8":{"start":{"line":19,"column":36},"end":{"line":19,"column":56}},"9":{"start":{"line":20,"column":17},"end":{"line":20,"column":60}},"10":{"start":{"line":20,"column":38},"end":{"line":20,"column":59}},"11":{"start":{"line":22,"column":22},"end":{"line":22,"column":41}},"12":{"start":{"line":23,"column":2},"end":{"line":23,"column":21}},"13":{"start":{"line":26,"column":29},"end":{"line":36,"column":1}},"14":{"start":{"line":27,"column":23},"end":{"line":30,"column":11}},"15":{"start":{"line":28,"column":4},"end":{"line":28,"column":33}},"16":{"start":{"line":28,"column":21},"end":{"line":28,"column":33}},"17":{"start":{"line":29,"column":4},"end":{"line":29,"column":17}},"18":{"start":{"line":32,"column":21},"end":{"line":32,"column":33}},"19":{"start":{"line":33,"column":21},"end":{"line":33,"column":46}},"20":{"start":{"line":35,"column":2},"end":{"line":35,"column":25}},"21":{"start":{"line":38,"column":30},"end":{"line":50,"column":1}},"22":{"start":{"line":39,"column":22},"end":{"line":39,"column":38}},"23":{"start":{"line":41,"column":19},"end":{"line":41,"column":65}},"24":{"start":{"line":42,"column":16},"end":{"line":42,"column":62}},"25":{"start":{"line":43,"column":18},"end":{"line":43,"column":64}},"26":{"start":{"line":44,"column":17},"end":{"line":44,"column":63}},"27":{"start":{"line":46,"column":2},"end":{"line":49,"column":4}}},"fnMap":{"0":{"name":"(anonymous_0)","decl":{"start":{"line":4,"column":31},"end":{"line":4,"column":32}},"loc":{"start":{"line":9,"column":13},"end":{"line":16,"column":1}},"line":9},"1":{"name":"(anonymous_1)","decl":{"start":{"line":10,"column":33},"end":{"line":10,"column":34}},"loc":{"start":{"line":10,"column":41},"end":{"line":10,"column":55}},"line":10},"2":{"name":"(anonymous_2)","decl":{"start":{"line":18,"column":29},"end":{"line":18,"column":30}},"loc":{"start":{"line":18,"column":52},"end":{"line":24,"column":1}},"line":18},"3":{"name":"(anonymous_3)","decl":{"start":{"line":19,"column":28},"end":{"line":19,"column":29}},"loc":{"start":{"line":19,"column":36},"end":{"line":19,"column":56}},"line":19},"4":{"name":"(anonymous_4)","decl":{"start":{"line":20,"column":30},"end":{"line":20,"column":31}},"loc":{"start":{"line":20,"column":38},"end":{"line":20,"column":59}},"line":20},"5":{"name":"(anonymous_5)","decl":{"start":{"line":26,"column":29},"end":{"line":26,"column":30}},"loc":{"start":{"line":26,"column":60},"end":{"line":36,"column":1}},"line":26},"6":{"name":"(anonymous_6)","decl":{"start":{"line":27,"column":36},"end":{"line":27,"column":37}},"loc":{"start":{"line":27,"column":44},"end":{"line":30,"column":3}},"line":27},"7":{"name":"(anonymous_7)","decl":{"start":{"line":38,"column":30},"end":{"line":38,"column":31}},"loc":{"start":{"line":38,"column":36},"end":{"line":50,"column":1}},"line":38}},"branchMap":{"0":{"loc":{"start":{"line":11,"column":2},"end":{"line":13,"column":3}},"type":"if","locations":[{"start":{"line":11,"column":2},"end":{"line":13,"column":3}},{"start":{},"end":{}}],"line":11},"1":{"loc":{"start":{"line":28,"column":4},"end":{"line":28,"column":33}},"type":"if","locations":[{"start":{"line":28,"column":4},"end":{"line":28,"column":33}},{"start":{},"end":{}}],"line":28},"2":{"loc":{"start":{"line":35,"column":9},"end":{"line":35,"column":24}},"type":"binary-expr","locations":[{"start":{"line":35,"column":9},"end":{"line":35,"column":19}},{"start":{"line":35,"column":23},"end":{"line":35,"column":24}}],"line":35},"3":{"loc":{"start":{"line":41,"column":19},"end":{"line":41,"column":65}},"type":"cond-expr","locations":[{"start":{"line":41,"column":44},"end":{"line":41,"column":53}},{"start":{"line":41,"column":56},"end":{"line":41,"column":65}}],"line":41},"4":{"loc":{"start":{"line":42,"column":16},"end":{"line":42,"column":62}},"type":"cond-expr","locations":[{"start":{"line":42,"column":41},"end":{"line":42,"column":50}},{"start":{"line":42,"column":53},"end":{"line":42,"column":62}}],"line":42},"5":{"loc":{"start":{"line":43,"column":18},"end":{"line":43,"column":64}},"type":"cond-expr","locations":[{"start":{"line":43,"column":43},"end":{"line":43,"column":52}},{"start":{"line":43,"column":55},"end":{"line":43,"column":64}}],"line":43},"6":{"loc":{"start":{"line":44,"column":17},"end":{"line":44,"column":63}},"type":"cond-expr","locations":[{"start":{"line":44,"column":42},"end":{"line":44,"column":51}},{"start":{"line":44,"column":54},"end":{"line":44,"column":63}}],"line":44}},"s":{"0":5,"1":11,"2":93,"3":11,"4":2,"5":9,"6":5,"7":1,"8":3,"9":1,"10":3,"11":1,"12":1,"13":5,"14":5,"15":8,"16":3,"17":5,"18":5,"19":5,"20":5,"21":5,"22":19,"23":19,"24":19,"25":19,"26":19,"27":19},"f":{"0":11,"1":93,"2":1,"3":3,"4":3,"5":5,"6":8,"7":19},"b":{"0":[2,9],"1":[3,5],"2":[5,2],"3":[1,18],"4":[1,18],"5":[1,18],"6":[1,18]},"_coverageSchema":"1a1c01bbd47fc00a2c39e90264f33305004495a9","hash":"facc8bd0a583bef9d70ff48416bf51c9fb8c52c8"}
}
