TN:
SF:src/components/navbar/AnimatedProgressText.tsx
FN:14,(anonymous_0)
FN:20,(anonymous_1)
FN:24,(anonymous_2)
FNF:3
FNH:3
FNDA:3,(anonymous_0)
FNDA:3,(anonymous_1)
FNDA:3,(anonymous_2)
DA:12,2
DA:14,2
DA:15,3
DA:16,3
DA:18,3
DA:20,3
DA:21,3
DA:24,3
DA:25,3
DA:30,3
LF:10
LH:10
BRF:0
BRH:0
end_of_record
TN:
SF:src/components/navbar/Navbar.tsx
FN:6,(anonymous_0)
FNF:1
FNH:1
FNDA:3,(anonymous_0)
DA:6,2
DA:7,3
DA:9,3
LF:3
LH:3
BRF:0
BRH:0
end_of_record
TN:
SF:src/components/taskCard/CheckBox.tsx
FN:30,(anonymous_0)
FN:41,(anonymous_1)
FN:48,(anonymous_2)
FN:56,(anonymous_3)
FNF:4
FNH:4
FNDA:5,(anonymous_0)
FNDA:3,(anonymous_1)
FNDA:5,(anonymous_2)
FNDA:5,(anonymous_3)
DA:12,2
DA:15,2
DA:17,2
DA:18,2
DA:30,2
DA:39,5
DA:41,5
DA:42,3
DA:48,5
DA:56,5
DA:60,5
LF:11
LH:11
BRDA:44,0,0,1
BRDA:44,0,1,2
BRDA:65,1,0,0
BRDA:65,1,1,5
BRF:4
BRH:3
end_of_record
TN:
SF:src/components/taskCard/TaskCard.tsx
FN:38,(anonymous_0)
FN:51,(anonymous_1)
FN:52,(anonymous_2)
FN:53,(anonymous_3)
FN:62,(anonymous_4)
FN:73,(anonymous_5)
FN:81,(anonymous_6)
FN:83,(anonymous_7)
FN:95,(anonymous_8)
FN:99,(anonymous_9)
FN:103,(anonymous_10)
FN:107,(anonymous_11)
FN:115,(anonymous_12)
FN:118,(anonymous_13)
FN:125,(anonymous_14)
FN:137,(anonymous_15)
FN:144,(anonymous_16)
FN:145,(anonymous_17)
FN:195,(anonymous_18)
FNF:19
FNH:12
FNDA:5,(anonymous_0)
FNDA:0,(anonymous_1)
FNDA:0,(anonymous_2)
FNDA:0,(anonymous_3)
FNDA:0,(anonymous_4)
FNDA:0,(anonymous_5)
FNDA:0,(anonymous_6)
FNDA:0,(anonymous_7)
FNDA:5,(anonymous_8)
FNDA:5,(anonymous_9)
FNDA:5,(anonymous_10)
FNDA:5,(anonymous_11)
FNDA:1,(anonymous_12)
FNDA:1,(anonymous_13)
FNDA:1,(anonymous_14)
FNDA:1,(anonymous_15)
FNDA:1,(anonymous_16)
FNDA:1,(anonymous_17)
FNDA:2,(anonymous_18)
DA:26,2
DA:34,2
DA:35,2
DA:36,2
DA:38,2
DA:39,5
DA:40,5
DA:41,5
DA:42,5
DA:44,5
DA:45,5
DA:46,5
DA:47,5
DA:48,5
DA:49,5
DA:51,5
DA:52,0
DA:53,0
DA:54,0
DA:56,0
DA:59,5
DA:63,0
DA:64,0
DA:66,0
DA:68,0
DA:69,0
DA:70,0
DA:74,0
DA:75,0
DA:76,0
DA:77,0
DA:78,0
DA:79,0
DA:82,0
DA:83,0
DA:85,0
DA:90,0
DA:91,0
DA:95,5
DA:99,5
DA:103,5
DA:107,5
DA:108,5
DA:115,5
DA:116,1
DA:118,1
DA:119,1
DA:121,1
DA:123,1
DA:126,1
DA:127,1
DA:131,1
DA:137,1
DA:138,1
DA:139,1
DA:141,0
DA:144,1
DA:145,1
DA:147,1
DA:149,1
DA:154,5
DA:156,5
DA:195,2
LF:63
LH:41
BRDA:64,0,0,0
BRDA:64,0,1,0
BRDA:68,1,0,0
BRDA:68,1,1,0
BRDA:69,2,0,0
BRDA:69,2,1,0
BRDA:75,3,0,0
BRDA:75,3,1,0
BRDA:75,4,0,0
BRDA:75,4,1,0
BRDA:82,5,0,0
BRDA:82,5,1,0
BRDA:116,6,0,0
BRDA:116,6,1,1
BRDA:125,7,0,0
BRDA:125,7,1,1
BRDA:126,8,0,1
BRDA:126,8,1,0
BRDA:128,9,0,0
BRDA:128,9,1,1
BRDA:133,10,0,0
BRDA:133,10,1,1
BRDA:138,11,0,1
BRDA:138,11,1,0
BRDA:168,12,0,0
BRDA:168,12,1,5
BRDA:201,13,0,0
BRDA:201,13,1,5
BRF:28
BRH:8
end_of_record
TN:
SF:src/components/taskCard/TrashBin.tsx
FN:16,(anonymous_0)
FN:18,(anonymous_1)
FN:37,(anonymous_2)
FNF:3
FNH:0
FNDA:0,(anonymous_0)
FNDA:0,(anonymous_1)
FNDA:0,(anonymous_2)
DA:11,2
DA:16,2
DA:17,0
DA:18,0
DA:21,0
DA:38,0
LF:6
LH:2
BRF:0
BRH:0
end_of_record
TN:
SF:src/components/taskInput/AddButton.tsx
FN:5,(anonymous_0)
FN:20,(anonymous_1)
FNF:2
FNH:1
FNDA:4,(anonymous_0)
FNDA:0,(anonymous_1)
DA:5,2
DA:12,4
DA:20,0
LF:3
LH:2
BRF:0
BRH:0
end_of_record
TN:
SF:src/components/taskInput/SendButton.tsx
FN:5,(anonymous_0)
FN:23,(anonymous_1)
FNF:2
FNH:0
FNDA:0,(anonymous_0)
FNDA:0,(anonymous_1)
DA:5,2
DA:14,0
DA:23,0
LF:3
LH:1
BRF:0
BRH:0
end_of_record
TN:
SF:src/components/taskInput/TaskInput.tsx
FN:19,(anonymous_0)
FN:30,(anonymous_1)
FN:33,(anonymous_2)
FN:44,(anonymous_3)
FN:81,(anonymous_4)
FN:92,(anonymous_5)
FN:93,(anonymous_6)
FN:94,(anonymous_7)
FNF:8
FNH:2
FNDA:4,(anonymous_0)
FNDA:0,(anonymous_1)
FNDA:0,(anonymous_2)
FNDA:0,(anonymous_3)
FNDA:1,(anonymous_4)
FNDA:0,(anonymous_5)
FNDA:0,(anonymous_6)
FNDA:0,(anonymous_7)
DA:17,2
DA:19,2
DA:20,4
DA:21,4
DA:22,4
DA:23,4
DA:25,4
DA:27,4
DA:28,4
DA:30,4
DA:31,0
DA:33,0
DA:34,0
DA:39,0
DA:41,0
DA:44,4
DA:45,0
DA:48,4
DA:81,1
DA:92,0
DA:93,0
DA:94,0
LF:22
LH:13
BRDA:28,0,0,1
BRDA:28,0,1,3
BRDA:31,1,0,0
BRDA:31,1,1,0
BRDA:60,2,0,0
BRDA:60,2,1,4
BRDA:68,3,0,0
BRDA:68,3,1,4
BRDA:74,4,0,4
BRDA:74,4,1,4
BRDA:86,5,0,0
BRDA:86,5,1,4
BRDA:96,6,0,4
BRDA:96,6,1,0
BRDA:96,6,2,0
BRF:15
BRH:8
end_of_record
TN:
SF:src/data/constants.ts
FNF:0
FNH:0
DA:2,4
DA:4,4
LF:2
LH:2
BRF:0
BRH:0
end_of_record
TN:
SF:src/screens/MainScreen.tsx
FN:23,(anonymous_0)
FN:38,(anonymous_1)
FNF:2
FNH:2
FNDA:2,(anonymous_0)
FNDA:2,(anonymous_1)
DA:17,1
DA:18,0
DA:19,0
DA:23,1
DA:24,2
DA:25,2
DA:27,2
DA:39,2
LF:8
LH:6
BRDA:17,0,0,0
BRDA:17,0,1,1
BRDA:18,1,0,0
BRDA:18,1,1,0
BRDA:31,2,0,0
BRDA:31,2,1,2
BRDA:36,3,0,2
BRDA:36,3,1,0
BRF:8
BRH:3
end_of_record
TN:
SF:src/utils/CustomIcon.tsx
FN:15,(anonymous_0)
FNF:1
FNH:1
FNDA:4,(anonymous_0)
DA:15,3
DA:16,4
DA:17,4
DA:19,4
DA:21,0
DA:29,4
DA:33,0
LF:7
LH:5
BRDA:19,0,0,0
BRDA:19,0,1,4
BRDA:19,0,2,0
BRDA:24,1,0,0
BRDA:24,1,1,0
BRDA:25,2,0,0
BRDA:25,2,1,0
BRDA:30,3,0,4
BRDA:30,3,1,4
BRDA:30,4,0,4
BRDA:30,4,1,0
BRDA:36,5,0,0
BRDA:36,5,1,0
BRDA:37,6,0,0
BRDA:37,6,1,0
BRF:15
BRH:4
end_of_record
TN:
SF:src/utils/context.tsx
FN:39,(anonymous_0)
FN:63,(anonymous_1)
FNF:2
FNH:2
FNDA:5,(anonymous_0)
FNDA:14,(anonymous_1)
DA:29,4
DA:37,4
DA:39,4
DA:46,5
DA:47,5
DA:49,5
DA:56,5
DA:63,4
DA:64,14
DA:65,14
DA:66,0
DA:71,14
LF:12
LH:11
BRDA:57,0,0,5
BRDA:57,0,1,2
BRDA:65,1,0,0
BRDA:65,1,1,14
BRF:4
BRH:3
end_of_record
TN:
SF:src/utils/tools.tsx
FN:4,(anonymous_0)
FN:10,(anonymous_1)
FN:18,(anonymous_2)
FN:19,(anonymous_3)
FN:20,(anonymous_4)
FN:26,(anonymous_5)
FN:27,(anonymous_6)
FN:38,(anonymous_7)
FNF:8
FNH:8
FNDA:11,(anonymous_0)
FNDA:93,(anonymous_1)
FNDA:1,(anonymous_2)
FNDA:3,(anonymous_3)
FNDA:3,(anonymous_4)
FNDA:5,(anonymous_5)
FNDA:8,(anonymous_6)
FNDA:19,(anonymous_7)
DA:4,5
DA:10,93
DA:11,11
DA:12,2
DA:15,9
DA:18,5
DA:19,3
DA:20,3
DA:22,1
DA:23,1
DA:26,5
DA:27,5
DA:28,8
DA:29,5
DA:32,5
DA:33,5
DA:35,5
DA:38,5
DA:39,19
DA:41,19
DA:42,19
DA:43,19
DA:44,19
DA:46,19
LF:24
LH:24
BRDA:11,0,0,2
BRDA:11,0,1,9
BRDA:28,1,0,3
BRDA:28,1,1,5
BRDA:35,2,0,5
BRDA:35,2,1,2
BRDA:41,3,0,1
BRDA:41,3,1,18
BRDA:42,4,0,1
BRDA:42,4,1,18
BRDA:43,5,0,1
BRDA:43,5,1,18
BRDA:44,6,0,1
BRDA:44,6,1,18
BRF:14
BRH:14
end_of_record
