TN:
SF:src/utils/tools.tsx
FN:4,(anonymous_0)
FN:10,(anonymous_1)
FN:18,(anonymous_2)
FN:19,(anonymous_3)
FN:20,(anonymous_4)
FN:26,(anonymous_5)
FN:27,(anonymous_6)
FN:38,(anonymous_7)
FNF:8
FNH:8
FNDA:3,(anonymous_0)
FNDA:9,(anonymous_1)
FNDA:1,(anonymous_2)
FNDA:3,(anonymous_3)
FNDA:3,(anonymous_4)
FNDA:2,(anonymous_5)
FNDA:4,(anonymous_6)
FNDA:1,(anonymous_7)
DA:4,1
DA:10,9
DA:11,3
DA:12,2
DA:15,1
DA:18,1
DA:19,3
DA:20,3
DA:22,1
DA:23,1
DA:26,1
DA:27,2
DA:28,4
DA:29,3
DA:32,2
DA:33,2
DA:35,2
DA:38,1
DA:39,1
DA:41,1
DA:42,1
DA:43,1
DA:44,1
DA:46,1
LF:24
LH:24
BRDA:11,0,0,2
BRDA:11,0,1,1
BRDA:28,1,0,1
BRDA:28,1,1,3
BRDA:35,2,0,2
BRDA:35,2,1,1
BRDA:41,3,0,1
BRDA:41,3,1,0
BRDA:42,4,0,1
BRDA:42,4,1,0
BRDA:43,5,0,1
BRDA:43,5,1,0
BRDA:44,6,0,1
BRDA:44,6,1,0
BRF:14
BRH:10
end_of_record
